#
# There is insufficient memory for the Java Runtime Environment to continue.
# Native memory allocation (malloc) failed to allocate 157936 bytes for Chunk::new
# Possible reasons:
#   The system is out of physical RAM or swap space
#   The process is running with CompressedOops enabled, and the Java Heap may be blocking the growth of the native heap
# Possible solutions:
#   Reduce memory load on the system
#   Increase physical memory or swap space
#   Check if swap backing store is full
#   Decrease Java heap size (-Xmx/-Xms)
#   Decrease number of Java threads
#   Decrease Java thread stack sizes (-Xss)
#   Set larger code cache with -XX:ReservedCodeCacheSize=
#   JVM is running with Unscaled Compressed Oops mode in which the Java heap is
#     placed in the first 4GB address space. The Java Heap base address is the
#     maximum limit for the native heap growth. Please use -XX:HeapBaseMinAddress
#     to set the Java Heap base and to place the Java Heap above 4GB virtual address.
# This output file may be truncated or incomplete.
#
#  Out of Memory Error (./open/src/hotspot/share/memory/arena.cpp:197), pid=17868, tid=25728
#
# JRE version: Java(TM) SE Runtime Environment 18.9 (11.0.12+8) (build 11.0.12+8-LTS-237)
# Java VM: Java HotSpot(TM) 64-Bit Server VM 18.9 (11.0.12+8-LTS-237, mixed mode, tiered, compressed oops, g1 gc, windows-amd64)
# No core dump will be written. Minidumps are not enabled by default on client versions of Windows
#

---------------  S U M M A R Y ------------

Command Line: -ea -Dfile.encoding=Cp1252 org.testng.remote.RemoteTestNG -serport 50764 -protocol json -d C:\Users\DELL\eclipse-workspace\Youtube\test-output C:\Users\DELL\AppData\Local\Temp\testng-eclipse--1554175000\testng-customsuite.xml

Host: Intel(R) Core(TM) i5-1035G1 CPU @ 1.00GHz, 8 cores, 7G,  Windows 10 , 64 bit Build 22621 (10.0.22621.2428)
Time: Sun Oct 29 21:39:36 2023 India Standard Time elapsed time: 584.964024 seconds (0d 0h 9m 44s)

---------------  T H R E A D  ---------------

Current thread (0x000001e5ded47800):  JavaThread "C2 CompilerThread0" daemon [_thread_in_native, id=25728, stack(0x0000001ab0500000,0x0000001ab0600000)]


Current CompileTask:
C2: 585032 3156       4       java.lang.invoke.MethodType::makeImpl (108 bytes)

Stack: [0x0000001ab0500000,0x0000001ab0600000]
Native frames: (J=compiled Java code, j=interpreted, Vv=VM code, C=native code)
V  [jvm.dll+0x617d9a]
V  [jvm.dll+0x74eeef]
V  [jvm.dll+0x750599]
V  [jvm.dll+0x750c23]
V  [jvm.dll+0x2438d8]
V  [jvm.dll+0xba6dc]
V  [jvm.dll+0xbac9c]
V  [jvm.dll+0x2b4d11]
V  [jvm.dll+0x313abe]
V  [jvm.dll+0x1fd105]
V  [jvm.dll+0x1fc2ed]
V  [jvm.dll+0x17f18c]
V  [jvm.dll+0x20b87c]
V  [jvm.dll+0x20997b]
V  [jvm.dll+0x716359]
V  [jvm.dll+0x70f064]
V  [jvm.dll+0x616f66]
C  [ucrtbase.dll+0x29363]
C  [KERNEL32.DLL+0x1257d]
C  [ntdll.dll+0x5aa78]


---------------  P R O C E S S  ---------------

Threads class SMR info:
_java_thread_list=0x000001e5e0321600, length=39, elements={
0x000001e5bf773800, 0x000001e5de3ca800, 0x000001e5de3d3800, 0x000001e5de3e9000,
0x000001e5ded45800, 0x000001e5ded46000, 0x000001e5ded47800, 0x000001e5ded49800,
0x000001e5ded54800, 0x000001e5deead000, 0x000001e5df663800, 0x000001e5deeb7800,
0x000001e5e05d5000, 0x000001e5e011e000, 0x000001e5df0a2800, 0x000001e5e06be800,
0x000001e5e00a7800, 0x000001e5dfd53000, 0x000001e5dfd4e000, 0x000001e5dfd4f800,
0x000001e5dfd54800, 0x000001e5dfd50800, 0x000001e5dfd51800, 0x000001e5dfd52000,
0x000001e5dfd53800, 0x000001e5dfd4f000, 0x000001e5dfd32000, 0x000001e5dfd2f000,
0x000001e5dfd30800, 0x000001e5dfd33000, 0x000001e5dfd31000, 0x000001e5dfd33800,
0x000001e5dfd2e000, 0x000001e5dfd34800, 0x000001e5dfd2f800, 0x000001e5dfd35800,
0x000001e5dfd39800, 0x000001e5dfd38800, 0x000001e5dfd3a000
}

Java Threads: ( => current thread )
  0x000001e5bf773800 JavaThread "main" [_thread_in_vm, id=6388, stack(0x0000001aaf900000,0x0000001aafa00000)]
  0x000001e5de3ca800 JavaThread "Reference Handler" daemon [_thread_blocked, id=29952, stack(0x0000001ab0000000,0x0000001ab0100000)]
  0x000001e5de3d3800 JavaThread "Finalizer" daemon [_thread_blocked, id=20268, stack(0x0000001ab0100000,0x0000001ab0200000)]
  0x000001e5de3e9000 JavaThread "Signal Dispatcher" daemon [_thread_blocked, id=20020, stack(0x0000001ab0200000,0x0000001ab0300000)]
  0x000001e5ded45800 JavaThread "Attach Listener" daemon [_thread_blocked, id=26428, stack(0x0000001ab0300000,0x0000001ab0400000)]
  0x000001e5ded46000 JavaThread "Service Thread" daemon [_thread_blocked, id=9180, stack(0x0000001ab0400000,0x0000001ab0500000)]
=>0x000001e5ded47800 JavaThread "C2 CompilerThread0" daemon [_thread_in_native, id=25728, stack(0x0000001ab0500000,0x0000001ab0600000)]
  0x000001e5ded49800 JavaThread "C1 CompilerThread0" daemon [_thread_blocked, id=27576, stack(0x0000001ab0600000,0x0000001ab0700000)]
  0x000001e5ded54800 JavaThread "Sweeper thread" daemon [_thread_blocked, id=14420, stack(0x0000001ab0700000,0x0000001ab0800000)]
  0x000001e5deead000 JavaThread "Common-Cleaner" daemon [_thread_blocked, id=1320, stack(0x0000001ab0900000,0x0000001ab0a00000)]
  0x000001e5df663800 JavaThread "ReaderThread" [_thread_in_native, id=18172, stack(0x0000001ab0b00000,0x0000001ab0c00000)]
  0x000001e5deeb7800 JavaThread "ForkJoinPool.commonPool-worker-5" daemon [_thread_blocked, id=8688, stack(0x0000001ab1000000,0x0000001ab1100000)]
  0x000001e5e05d5000 JavaThread "Exec Default Executor" daemon [_thread_in_native, id=15172, stack(0x0000001ab1300000,0x0000001ab1400000)]
  0x000001e5e011e000 JavaThread "Exec Stream Pumper" daemon [_thread_in_native, id=17280, stack(0x0000001ab1500000,0x0000001ab1600000)]
  0x000001e5df0a2800 JavaThread "Exec Stream Pumper" daemon [_thread_in_native, id=11000, stack(0x0000001ab1600000,0x0000001ab1700000)]
  0x000001e5e06be800 JavaThread "OkHttp ConnectionPool" daemon [_thread_blocked, id=24112, stack(0x0000001ab1700000,0x0000001ab1800000)]
  0x000001e5e00a7800 JavaThread "Okio Watchdog" daemon [_thread_blocked, id=7800, stack(0x0000001ab1800000,0x0000001ab1900000)]
  0x000001e5dfd53000 JavaThread "Exec Default Executor" daemon [_thread_in_native, id=29620, stack(0x0000001ab1100000,0x0000001ab1200000)]
  0x000001e5dfd4e000 JavaThread "Exec Stream Pumper" daemon [_thread_in_native, id=25704, stack(0x0000001ab1900000,0x0000001ab1a00000)]
  0x000001e5dfd4f800 JavaThread "Exec Stream Pumper" daemon [_thread_in_native, id=5516, stack(0x0000001ab1a00000,0x0000001ab1b00000)]
  0x000001e5dfd54800 JavaThread "Exec Default Executor" daemon [_thread_in_native, id=17220, stack(0x0000001aaf600000,0x0000001aaf700000)]
  0x000001e5dfd50800 JavaThread "Exec Stream Pumper" daemon [_thread_in_native, id=20984, stack(0x0000001aaf700000,0x0000001aaf800000)]
  0x000001e5dfd51800 JavaThread "Exec Stream Pumper" daemon [_thread_in_native, id=30204, stack(0x0000001aaf800000,0x0000001aaf900000)]
  0x000001e5dfd52000 JavaThread "Exec Default Executor" daemon [_thread_in_native, id=26628, stack(0x0000001ab0c00000,0x0000001ab0d00000)]
  0x000001e5dfd53800 JavaThread "Exec Stream Pumper" daemon [_thread_in_native, id=20192, stack(0x0000001ab1b00000,0x0000001ab1c00000)]
  0x000001e5dfd4f000 JavaThread "Exec Stream Pumper" daemon [_thread_in_native, id=28020, stack(0x0000001ab1c00000,0x0000001ab1d00000)]
  0x000001e5dfd32000 JavaThread "Exec Default Executor" daemon [_thread_in_native, id=33012, stack(0x0000001ab1400000,0x0000001ab1500000)]
  0x000001e5dfd2f000 JavaThread "Exec Stream Pumper" daemon [_thread_in_native, id=33072, stack(0x0000001ab1e00000,0x0000001ab1f00000)]
  0x000001e5dfd30800 JavaThread "Exec Stream Pumper" daemon [_thread_in_native, id=33076, stack(0x0000001ab1f00000,0x0000001ab2000000)]
  0x000001e5dfd33000 JavaThread "Exec Default Executor" daemon [_thread_in_native, id=33504, stack(0x0000001ab1d00000,0x0000001ab1e00000)]
  0x000001e5dfd31000 JavaThread "Exec Stream Pumper" daemon [_thread_in_native, id=25700, stack(0x0000001ab2100000,0x0000001ab2200000)]
  0x000001e5dfd33800 JavaThread "Exec Stream Pumper" daemon [_thread_in_native, id=32636, stack(0x0000001ab2200000,0x0000001ab2300000)]
  0x000001e5dfd2e000 JavaThread "Exec Default Executor" daemon [_thread_in_native, id=9876, stack(0x0000001ab2000000,0x0000001ab2100000)]
  0x000001e5dfd34800 JavaThread "UrlChecker-5" daemon [_thread_blocked, id=26168, stack(0x0000001ab2300000,0x0000001ab2400000)]
  0x000001e5dfd2f800 JavaThread "Exec Stream Pumper" daemon [_thread_in_native, id=34452, stack(0x0000001ab2400000,0x0000001ab2500000)]
  0x000001e5dfd35800 JavaThread "Exec Stream Pumper" daemon [_thread_in_native, id=34604, stack(0x0000001ab2500000,0x0000001ab2600000)]
  0x000001e5dfd39800 JavaThread "Exec Default Executor" daemon [_thread_in_native, id=13964, stack(0x0000001ab2600000,0x0000001ab2700000)]
  0x000001e5dfd38800 JavaThread "Exec Stream Pumper" daemon [_thread_in_native, id=31840, stack(0x0000001ab2700000,0x0000001ab2800000)]
  0x000001e5dfd3a000 JavaThread "Exec Stream Pumper" daemon [_thread_in_native, id=10584, stack(0x0000001ab2800000,0x0000001ab2900000)]

Other Threads:
  0x000001e5de3a9800 VMThread "VM Thread" [stack: 0x0000001aaff00000,0x0000001ab0000000] [id=30456]
  0x000001e5deeb5000 WatcherThread [stack: 0x0000001ab0800000,0x0000001ab0900000] [id=26536]
  0x000001e5bf789800 GCTaskThread "GC Thread#0" [stack: 0x0000001aafa00000,0x0000001aafb00000] [id=6108]
  0x000001e5dfad7800 GCTaskThread "GC Thread#1" [stack: 0x0000001ab0d00000,0x0000001ab0e00000] [id=27540]
  0x000001e5dfad8000 GCTaskThread "GC Thread#2" [stack: 0x0000001ab0e00000,0x0000001ab0f00000] [id=24032]
  0x000001e5dfae1000 GCTaskThread "GC Thread#3" [stack: 0x0000001ab0f00000,0x0000001ab1000000] [id=32080]
  0x000001e5bf7bb000 ConcurrentGCThread "G1 Main Marker" [stack: 0x0000001aafb00000,0x0000001aafc00000] [id=26900]
  0x000001e5bf7bc800 ConcurrentGCThread "G1 Conc#0" [stack: 0x0000001aafc00000,0x0000001aafd00000] [id=17956]
  0x000001e5dff96800 ConcurrentGCThread "G1 Conc#1" [stack: 0x0000001ab1200000,0x0000001ab1300000] [id=18832]
  0x000001e5bf83e800 ConcurrentGCThread "G1 Refine#0" [stack: 0x0000001aafd00000,0x0000001aafe00000] [id=11868]
  0x000001e5de214800 ConcurrentGCThread "G1 Young RemSet Sampling" [stack: 0x0000001aafe00000,0x0000001aaff00000] [id=4880]

Threads with active compile tasks:
C2 CompilerThread0 585380 3156       4       java.lang.invoke.MethodType::makeImpl (108 bytes)

VM state:not at safepoint (normal execution)

VM Mutex/Monitor currently owned by a thread: None

Heap address: 0x0000000083a00000, size: 1990 MB, Compressed Oops mode: 32-bit
Narrow klass base: 0x0000000000000000, Narrow klass shift: 3
Compressed class space size: 1073741824 Address: 0x0000000100000000

Heap:
 garbage-first heap   total 129024K, used 30449K [0x0000000083a00000, 0x0000000100000000)
  region size 1024K, 21 young (21504K), 2 survivors (2048K)
 Metaspace       used 27025K, capacity 27724K, committed 27776K, reserved 1073152K
  class space    used 2908K, capacity 3181K, committed 3200K, reserved 1048576K
Heap Regions: E=young(eden), S=young(survivor), O=old, HS=humongous(starts), HC=humongous(continues), CS=collection set, F=free, A=archive, TAMS=top-at-mark-start (previous, next)
|   0|0x0000000083a00000, 0x0000000083b00000, 0x0000000083b00000|100%|HS|  |TAMS 0x0000000083b00000, 0x0000000083a00000| Complete 
|   1|0x0000000083b00000, 0x0000000083c00000, 0x0000000083c00000|100%| O|  |TAMS 0x0000000083b00000, 0x0000000083b00000| Untracked 
|   2|0x0000000083c00000, 0x0000000083d00000, 0x0000000083d00000|100%| O|  |TAMS 0x0000000083d00000, 0x0000000083c00000| Untracked 
|   3|0x0000000083d00000, 0x0000000083e00000, 0x0000000083e00000|100%| O|  |TAMS 0x0000000083d99800, 0x0000000083d00000| Untracked 
|   4|0x0000000083e00000, 0x0000000083f00000, 0x0000000083f00000|100%| O|  |TAMS 0x0000000083e00000, 0x0000000083e00000| Untracked 
|   5|0x0000000083f00000, 0x0000000084000000, 0x0000000084000000|100%| O|  |TAMS 0x0000000083f00000, 0x0000000083f00000| Untracked 
|   6|0x0000000084000000, 0x0000000084100000, 0x0000000084100000|100%| O|  |TAMS 0x0000000084000000, 0x0000000084000000| Untracked 
|   7|0x0000000084100000, 0x0000000084200000, 0x0000000084200000|100%| O|  |TAMS 0x0000000084100000, 0x0000000084100000| Untracked 
|   8|0x0000000084200000, 0x0000000084300000, 0x0000000084300000|100%| O|  |TAMS 0x0000000084200000, 0x0000000084200000| Untracked 
|   9|0x0000000084300000, 0x00000000843c4a00, 0x0000000084400000| 76%| O|  |TAMS 0x0000000084300000, 0x0000000084300000| Untracked 
|  10|0x0000000084400000, 0x0000000084400000, 0x0000000084500000|  0%| F|  |TAMS 0x0000000084400000, 0x0000000084400000| Untracked 
|  11|0x0000000084500000, 0x0000000084500000, 0x0000000084600000|  0%| F|  |TAMS 0x0000000084500000, 0x0000000084500000| Untracked 
|  12|0x0000000084600000, 0x0000000084600000, 0x0000000084700000|  0%| F|  |TAMS 0x0000000084600000, 0x0000000084600000| Untracked 
|  13|0x0000000084700000, 0x0000000084700000, 0x0000000084800000|  0%| F|  |TAMS 0x0000000084700000, 0x0000000084700000| Untracked 
|  14|0x0000000084800000, 0x0000000084800000, 0x0000000084900000|  0%| F|  |TAMS 0x0000000084800000, 0x0000000084800000| Untracked 
|  15|0x0000000084900000, 0x0000000084900000, 0x0000000084a00000|  0%| F|  |TAMS 0x0000000084900000, 0x0000000084900000| Untracked 
|  16|0x0000000084a00000, 0x0000000084a00000, 0x0000000084b00000|  0%| F|  |TAMS 0x0000000084a00000, 0x0000000084a00000| Untracked 
|  17|0x0000000084b00000, 0x0000000084b00000, 0x0000000084c00000|  0%| F|  |TAMS 0x0000000084b00000, 0x0000000084b00000| Untracked 
|  18|0x0000000084c00000, 0x0000000084c00000, 0x0000000084d00000|  0%| F|  |TAMS 0x0000000084c00000, 0x0000000084c00000| Untracked 
|  19|0x0000000084d00000, 0x0000000084d00000, 0x0000000084e00000|  0%| F|  |TAMS 0x0000000084d00000, 0x0000000084d00000| Untracked 
|  20|0x0000000084e00000, 0x0000000084e00000, 0x0000000084f00000|  0%| F|  |TAMS 0x0000000084e00000, 0x0000000084e00000| Untracked 
|  21|0x0000000084f00000, 0x0000000084f00000, 0x0000000085000000|  0%| F|  |TAMS 0x0000000084f00000, 0x0000000084f00000| Untracked 
|  22|0x0000000085000000, 0x0000000085000000, 0x0000000085100000|  0%| F|  |TAMS 0x0000000085000000, 0x0000000085000000| Untracked 
|  23|0x0000000085100000, 0x0000000085100000, 0x0000000085200000|  0%| F|  |TAMS 0x0000000085100000, 0x0000000085100000| Untracked 
|  24|0x0000000085200000, 0x0000000085200000, 0x0000000085300000|  0%| F|  |TAMS 0x0000000085200000, 0x0000000085200000| Untracked 
|  25|0x0000000085300000, 0x0000000085300000, 0x0000000085400000|  0%| F|  |TAMS 0x0000000085300000, 0x0000000085300000| Untracked 
|  26|0x0000000085400000, 0x0000000085400000, 0x0000000085500000|  0%| F|  |TAMS 0x0000000085400000, 0x0000000085400000| Untracked 
|  27|0x0000000085500000, 0x0000000085500000, 0x0000000085600000|  0%| F|  |TAMS 0x0000000085500000, 0x0000000085500000| Untracked 
|  28|0x0000000085600000, 0x0000000085600000, 0x0000000085700000|  0%| F|  |TAMS 0x0000000085600000, 0x0000000085600000| Untracked 
|  29|0x0000000085700000, 0x0000000085700000, 0x0000000085800000|  0%| F|  |TAMS 0x0000000085700000, 0x0000000085700000| Untracked 
|  30|0x0000000085800000, 0x0000000085800000, 0x0000000085900000|  0%| F|  |TAMS 0x0000000085800000, 0x0000000085800000| Untracked 
|  31|0x0000000085900000, 0x0000000085900000, 0x0000000085a00000|  0%| F|  |TAMS 0x0000000085900000, 0x0000000085900000| Untracked 
|  32|0x0000000085a00000, 0x0000000085a00000, 0x0000000085b00000|  0%| F|  |TAMS 0x0000000085a00000, 0x0000000085a00000| Untracked 
|  33|0x0000000085b00000, 0x0000000085b00000, 0x0000000085c00000|  0%| F|  |TAMS 0x0000000085b00000, 0x0000000085b00000| Untracked 
|  34|0x0000000085c00000, 0x0000000085c00000, 0x0000000085d00000|  0%| F|  |TAMS 0x0000000085c00000, 0x0000000085c00000| Untracked 
|  35|0x0000000085d00000, 0x0000000085d00000, 0x0000000085e00000|  0%| F|  |TAMS 0x0000000085d00000, 0x0000000085d00000| Untracked 
|  36|0x0000000085e00000, 0x0000000085e00000, 0x0000000085f00000|  0%| F|  |TAMS 0x0000000085e00000, 0x0000000085e00000| Untracked 
|  37|0x0000000085f00000, 0x0000000085f00000, 0x0000000086000000|  0%| F|  |TAMS 0x0000000085f00000, 0x0000000085f00000| Untracked 
|  38|0x0000000086000000, 0x0000000086000000, 0x0000000086100000|  0%| F|  |TAMS 0x0000000086000000, 0x0000000086000000| Untracked 
|  39|0x0000000086100000, 0x0000000086100000, 0x0000000086200000|  0%| F|  |TAMS 0x0000000086100000, 0x0000000086100000| Untracked 
|  40|0x0000000086200000, 0x0000000086200000, 0x0000000086300000|  0%| F|  |TAMS 0x0000000086200000, 0x0000000086200000| Untracked 
|  41|0x0000000086300000, 0x0000000086300000, 0x0000000086400000|  0%| F|  |TAMS 0x0000000086300000, 0x0000000086300000| Untracked 
|  42|0x0000000086400000, 0x0000000086400000, 0x0000000086500000|  0%| F|  |TAMS 0x0000000086400000, 0x0000000086400000| Untracked 
|  43|0x0000000086500000, 0x0000000086500000, 0x0000000086600000|  0%| F|  |TAMS 0x0000000086500000, 0x0000000086500000| Untracked 
|  44|0x0000000086600000, 0x0000000086600000, 0x0000000086700000|  0%| F|  |TAMS 0x0000000086600000, 0x0000000086600000| Untracked 
|  45|0x0000000086700000, 0x0000000086700000, 0x0000000086800000|  0%| F|  |TAMS 0x0000000086700000, 0x0000000086700000| Untracked 
|  46|0x0000000086800000, 0x0000000086800000, 0x0000000086900000|  0%| F|  |TAMS 0x0000000086800000, 0x0000000086800000| Untracked 
|  47|0x0000000086900000, 0x0000000086900000, 0x0000000086a00000|  0%| F|  |TAMS 0x0000000086900000, 0x0000000086900000| Untracked 
|  48|0x0000000086a00000, 0x0000000086a00000, 0x0000000086b00000|  0%| F|  |TAMS 0x0000000086a00000, 0x0000000086a00000| Untracked 
|  49|0x0000000086b00000, 0x0000000086b00000, 0x0000000086c00000|  0%| F|  |TAMS 0x0000000086b00000, 0x0000000086b00000| Untracked 
|  50|0x0000000086c00000, 0x0000000086c00000, 0x0000000086d00000|  0%| F|  |TAMS 0x0000000086c00000, 0x0000000086c00000| Untracked 
|  51|0x0000000086d00000, 0x0000000086d00000, 0x0000000086e00000|  0%| F|  |TAMS 0x0000000086d00000, 0x0000000086d00000| Untracked 
|  52|0x0000000086e00000, 0x0000000086e00000, 0x0000000086f00000|  0%| F|  |TAMS 0x0000000086e00000, 0x0000000086e00000| Untracked 
|  53|0x0000000086f00000, 0x0000000086f00000, 0x0000000087000000|  0%| F|  |TAMS 0x0000000086f00000, 0x0000000086f00000| Untracked 
|  54|0x0000000087000000, 0x0000000087000000, 0x0000000087100000|  0%| F|  |TAMS 0x0000000087000000, 0x0000000087000000| Untracked 
|  55|0x0000000087100000, 0x0000000087100000, 0x0000000087200000|  0%| F|  |TAMS 0x0000000087100000, 0x0000000087100000| Untracked 
|  56|0x0000000087200000, 0x0000000087200000, 0x0000000087300000|  0%| F|  |TAMS 0x0000000087200000, 0x0000000087200000| Untracked 
|  57|0x0000000087300000, 0x0000000087300000, 0x0000000087400000|  0%| F|  |TAMS 0x0000000087300000, 0x0000000087300000| Untracked 
|  58|0x0000000087400000, 0x0000000087400000, 0x0000000087500000|  0%| F|  |TAMS 0x0000000087400000, 0x0000000087400000| Untracked 
|  59|0x0000000087500000, 0x0000000087500000, 0x0000000087600000|  0%| F|  |TAMS 0x0000000087500000, 0x0000000087500000| Untracked 
|  60|0x0000000087600000, 0x0000000087600000, 0x0000000087700000|  0%| F|  |TAMS 0x0000000087600000, 0x0000000087600000| Untracked 
|  61|0x0000000087700000, 0x0000000087700000, 0x0000000087800000|  0%| F|  |TAMS 0x0000000087700000, 0x0000000087700000| Untracked 
|  62|0x0000000087800000, 0x0000000087800000, 0x0000000087900000|  0%| F|  |TAMS 0x0000000087800000, 0x0000000087800000| Untracked 
|  63|0x0000000087900000, 0x0000000087900000, 0x0000000087a00000|  0%| F|  |TAMS 0x0000000087900000, 0x0000000087900000| Untracked 
|  64|0x0000000087a00000, 0x0000000087a00000, 0x0000000087b00000|  0%| F|  |TAMS 0x0000000087a00000, 0x0000000087a00000| Untracked 
|  65|0x0000000087b00000, 0x0000000087b00000, 0x0000000087c00000|  0%| F|  |TAMS 0x0000000087b00000, 0x0000000087b00000| Untracked 
|  66|0x0000000087c00000, 0x0000000087c00000, 0x0000000087d00000|  0%| F|  |TAMS 0x0000000087c00000, 0x0000000087c00000| Untracked 
|  67|0x0000000087d00000, 0x0000000087d00000, 0x0000000087e00000|  0%| F|  |TAMS 0x0000000087d00000, 0x0000000087d00000| Untracked 
|  68|0x0000000087e00000, 0x0000000087e00000, 0x0000000087f00000|  0%| F|  |TAMS 0x0000000087e00000, 0x0000000087e00000| Untracked 
|  69|0x0000000087f00000, 0x0000000087f00000, 0x0000000088000000|  0%| F|  |TAMS 0x0000000087f00000, 0x0000000087f00000| Untracked 
|  70|0x0000000088000000, 0x0000000088000000, 0x0000000088100000|  0%| F|  |TAMS 0x0000000088000000, 0x0000000088000000| Untracked 
|  71|0x0000000088100000, 0x0000000088100000, 0x0000000088200000|  0%| F|  |TAMS 0x0000000088100000, 0x0000000088100000| Untracked 
|  72|0x0000000088200000, 0x0000000088200000, 0x0000000088300000|  0%| F|  |TAMS 0x0000000088200000, 0x0000000088200000| Untracked 
|  73|0x0000000088300000, 0x0000000088300000, 0x0000000088400000|  0%| F|  |TAMS 0x0000000088300000, 0x0000000088300000| Untracked 
|  74|0x0000000088400000, 0x0000000088400000, 0x0000000088500000|  0%| F|  |TAMS 0x0000000088400000, 0x0000000088400000| Untracked 
|  75|0x0000000088500000, 0x0000000088500000, 0x0000000088600000|  0%| F|  |TAMS 0x0000000088500000, 0x0000000088500000| Untracked 
|  76|0x0000000088600000, 0x0000000088600000, 0x0000000088700000|  0%| F|  |TAMS 0x0000000088600000, 0x0000000088600000| Untracked 
|  77|0x0000000088700000, 0x0000000088700000, 0x0000000088800000|  0%| F|  |TAMS 0x0000000088700000, 0x0000000088700000| Untracked 
|  78|0x0000000088800000, 0x0000000088800000, 0x0000000088900000|  0%| F|  |TAMS 0x0000000088800000, 0x0000000088800000| Untracked 
|  79|0x0000000088900000, 0x0000000088900000, 0x0000000088a00000|  0%| F|  |TAMS 0x0000000088900000, 0x0000000088900000| Untracked 
|  80|0x0000000088a00000, 0x0000000088a00000, 0x0000000088b00000|  0%| F|  |TAMS 0x0000000088a00000, 0x0000000088a00000| Untracked 
|  81|0x0000000088b00000, 0x0000000088b00000, 0x0000000088c00000|  0%| F|  |TAMS 0x0000000088b00000, 0x0000000088b00000| Untracked 
|  82|0x0000000088c00000, 0x0000000088c00000, 0x0000000088d00000|  0%| F|  |TAMS 0x0000000088c00000, 0x0000000088c00000| Untracked 
|  83|0x0000000088d00000, 0x0000000088d00000, 0x0000000088e00000|  0%| F|  |TAMS 0x0000000088d00000, 0x0000000088d00000| Untracked 
|  84|0x0000000088e00000, 0x0000000088e00000, 0x0000000088f00000|  0%| F|  |TAMS 0x0000000088e00000, 0x0000000088e00000| Untracked 
|  85|0x0000000088f00000, 0x0000000088f00000, 0x0000000089000000|  0%| F|  |TAMS 0x0000000088f00000, 0x0000000088f00000| Untracked 
|  86|0x0000000089000000, 0x0000000089000000, 0x0000000089100000|  0%| F|  |TAMS 0x0000000089000000, 0x0000000089000000| Untracked 
|  87|0x0000000089100000, 0x0000000089100000, 0x0000000089200000|  0%| F|  |TAMS 0x0000000089100000, 0x0000000089100000| Untracked 
|  88|0x0000000089200000, 0x0000000089200000, 0x0000000089300000|  0%| F|  |TAMS 0x0000000089200000, 0x0000000089200000| Untracked 
|  89|0x0000000089300000, 0x00000000893f7c60, 0x0000000089400000| 96%| S|CS|TAMS 0x0000000089300000, 0x0000000089300000| Complete 
|  90|0x0000000089400000, 0x0000000089500000, 0x0000000089500000|100%| S|CS|TAMS 0x0000000089400000, 0x0000000089400000| Complete 
|  91|0x0000000089500000, 0x0000000089500000, 0x0000000089600000|  0%| F|  |TAMS 0x0000000089500000, 0x0000000089500000| Untracked 
|  92|0x0000000089600000, 0x0000000089600000, 0x0000000089700000|  0%| F|  |TAMS 0x0000000089600000, 0x0000000089600000| Untracked 
|  93|0x0000000089700000, 0x0000000089700000, 0x0000000089800000|  0%| F|  |TAMS 0x0000000089700000, 0x0000000089700000| Untracked 
|  94|0x0000000089800000, 0x0000000089800000, 0x0000000089900000|  0%| F|  |TAMS 0x0000000089800000, 0x0000000089800000| Untracked 
|  95|0x0000000089900000, 0x0000000089900000, 0x0000000089a00000|  0%| F|  |TAMS 0x0000000089900000, 0x0000000089900000| Untracked 
|  96|0x0000000089a00000, 0x0000000089a00000, 0x0000000089b00000|  0%| F|  |TAMS 0x0000000089a00000, 0x0000000089a00000| Untracked 
|  97|0x0000000089b00000, 0x0000000089b00000, 0x0000000089c00000|  0%| F|  |TAMS 0x0000000089b00000, 0x0000000089b00000| Untracked 
|  98|0x0000000089c00000, 0x0000000089c00000, 0x0000000089d00000|  0%| F|  |TAMS 0x0000000089c00000, 0x0000000089c00000| Untracked 
|  99|0x0000000089d00000, 0x0000000089d00000, 0x0000000089e00000|  0%| F|  |TAMS 0x0000000089d00000, 0x0000000089d00000| Untracked 
| 100|0x0000000089e00000, 0x0000000089e00000, 0x0000000089f00000|  0%| F|  |TAMS 0x0000000089e00000, 0x0000000089e00000| Untracked 
| 101|0x0000000089f00000, 0x0000000089f00000, 0x000000008a000000|  0%| F|  |TAMS 0x0000000089f00000, 0x0000000089f00000| Untracked 
| 102|0x000000008a000000, 0x000000008a000000, 0x000000008a100000|  0%| F|  |TAMS 0x000000008a000000, 0x000000008a000000| Untracked 
| 103|0x000000008a100000, 0x000000008a100000, 0x000000008a200000|  0%| F|  |TAMS 0x000000008a100000, 0x000000008a100000| Untracked 
| 104|0x000000008a200000, 0x000000008a200000, 0x000000008a300000|  0%| F|  |TAMS 0x000000008a200000, 0x000000008a200000| Untracked 
| 105|0x000000008a300000, 0x000000008a300000, 0x000000008a400000|  0%| F|  |TAMS 0x000000008a300000, 0x000000008a300000| Untracked 
| 106|0x000000008a400000, 0x000000008a400000, 0x000000008a500000|  0%| F|  |TAMS 0x000000008a400000, 0x000000008a400000| Untracked 
| 107|0x000000008a500000, 0x000000008a581c10, 0x000000008a600000| 50%| E|  |TAMS 0x000000008a500000, 0x000000008a500000| Complete 
| 108|0x000000008a600000, 0x000000008a700000, 0x000000008a700000|100%| E|CS|TAMS 0x000000008a600000, 0x000000008a600000| Complete 
| 109|0x000000008a700000, 0x000000008a800000, 0x000000008a800000|100%| E|CS|TAMS 0x000000008a700000, 0x000000008a700000| Complete 
| 110|0x000000008a800000, 0x000000008a900000, 0x000000008a900000|100%| E|CS|TAMS 0x000000008a800000, 0x000000008a800000| Complete 
| 111|0x000000008a900000, 0x000000008aa00000, 0x000000008aa00000|100%| E|CS|TAMS 0x000000008a900000, 0x000000008a900000| Complete 
| 112|0x000000008aa00000, 0x000000008ab00000, 0x000000008ab00000|100%| E|CS|TAMS 0x000000008aa00000, 0x000000008aa00000| Complete 
| 113|0x000000008ab00000, 0x000000008ac00000, 0x000000008ac00000|100%| E|CS|TAMS 0x000000008ab00000, 0x000000008ab00000| Complete 
| 114|0x000000008ac00000, 0x000000008ad00000, 0x000000008ad00000|100%| E|CS|TAMS 0x000000008ac00000, 0x000000008ac00000| Complete 
| 115|0x000000008ad00000, 0x000000008ae00000, 0x000000008ae00000|100%| E|CS|TAMS 0x000000008ad00000, 0x000000008ad00000| Complete 
| 116|0x000000008ae00000, 0x000000008af00000, 0x000000008af00000|100%| E|CS|TAMS 0x000000008ae00000, 0x000000008ae00000| Complete 
| 117|0x000000008af00000, 0x000000008b000000, 0x000000008b000000|100%| E|CS|TAMS 0x000000008af00000, 0x000000008af00000| Complete 
| 118|0x000000008b000000, 0x000000008b100000, 0x000000008b100000|100%| E|CS|TAMS 0x000000008b000000, 0x000000008b000000| Complete 
| 119|0x000000008b100000, 0x000000008b200000, 0x000000008b200000|100%| E|CS|TAMS 0x000000008b100000, 0x000000008b100000| Complete 
| 120|0x000000008b200000, 0x000000008b300000, 0x000000008b300000|100%| E|CS|TAMS 0x000000008b200000, 0x000000008b200000| Complete 
| 121|0x000000008b300000, 0x000000008b400000, 0x000000008b400000|100%| E|CS|TAMS 0x000000008b300000, 0x000000008b300000| Complete 
| 122|0x000000008b400000, 0x000000008b500000, 0x000000008b500000|100%| E|CS|TAMS 0x000000008b400000, 0x000000008b400000| Complete 
| 123|0x000000008b500000, 0x000000008b600000, 0x000000008b600000|100%| E|CS|TAMS 0x000000008b500000, 0x000000008b500000| Complete 
| 124|0x000000008b600000, 0x000000008b700000, 0x000000008b700000|100%| E|CS|TAMS 0x000000008b600000, 0x000000008b600000| Complete 
| 125|0x000000008b700000, 0x000000008b800000, 0x000000008b800000|100%| E|CS|TAMS 0x000000008b700000, 0x000000008b700000| Complete 

Card table byte_map: [0x000001e5d7340000,0x000001e5d7730000] _byte_map_base: 0x000001e5d6f23000

Marking Bits (Prev, Next): (CMBitMap*) 0x000001e5bf7b2600, (CMBitMap*) 0x000001e5bf7b25c8
 Prev Bits: [0x000001e5d9a40000, 0x000001e5db958000)
 Next Bits: [0x000001e5d7b20000, 0x000001e5d9a38000)

Polling page: 0x000001e5bd700000

Metaspace:

Usage:
  Non-class:     23.97 MB capacity,    23.55 MB ( 98%) used,   344.73 KB (  1%) free+waste,    80.81 KB ( <1%) overhead. 
      Class:      3.11 MB capacity,     2.84 MB ( 91%) used,   234.37 KB (  7%) free+waste,    38.50 KB (  1%) overhead. 
       Both:     27.07 MB capacity,    26.39 MB ( 97%) used,   579.09 KB (  2%) free+waste,   119.31 KB ( <1%) overhead. 

Virtual space:
  Non-class space:       24.00 MB reserved,      24.00 MB (100%) committed 
      Class space:        1.00 GB reserved,       3.13 MB ( <1%) committed 
             Both:        1.02 GB reserved,      27.13 MB (  3%) committed 

Chunk freelists:
   Non-Class:  4.13 KB
       Class:  0 bytes
        Both:  4.13 KB

CodeHeap 'non-profiled nmethods': size=120000Kb used=1145Kb max_used=1145Kb free=118854Kb
 bounds [0x000001e5cf6f0000, 0x000001e5cf960000, 0x000001e5d6c20000]
CodeHeap 'profiled nmethods': size=120000Kb used=6666Kb max_used=6666Kb free=113334Kb
 bounds [0x000001e5c81c0000, 0x000001e5c8850000, 0x000001e5cf6f0000]
CodeHeap 'non-nmethods': size=5760Kb used=1179Kb max_used=1206Kb free=4580Kb
 bounds [0x000001e5c7c20000, 0x000001e5c7e90000, 0x000001e5c81c0000]
 total_blobs=3650 nmethods=3140 adapters=421
 compilation: enabled
              stopped_count=0, restarted_count=0
 full_count=0

Compilation events (10 events):
Event: 584.557 Thread 0x000001e5ded49800 3158       3       java.lang.Class::copyConstructors (38 bytes)
Event: 584.564 Thread 0x000001e5ded49800 nmethod 3158 0x000001e5c883da90 code [0x000001e5c883dce0, 0x000001e5c883e768]
Event: 584.564 Thread 0x000001e5ded49800 3160       3       java.util.regex.Matcher::replaceAll (59 bytes)
Event: 584.566 Thread 0x000001e5ded49800 nmethod 3160 0x000001e5c883eb10 code [0x000001e5c883eda0, 0x000001e5c883f8b8]
Event: 584.566 Thread 0x000001e5ded49800 3159       3       java.util.regex.Pattern$CharProperty::<init> (10 bytes)
Event: 584.566 Thread 0x000001e5ded49800 nmethod 3159 0x000001e5c883fc90 code [0x000001e5c883fe40, 0x000001e5c88400b8]
Event: 584.639 Thread 0x000001e5ded49800 3162       3       java.util.concurrent.ConcurrentHashMap$BaseIterator::<init> (21 bytes)
Event: 584.640 Thread 0x000001e5ded49800 nmethod 3162 0x000001e5c8840190 code [0x000001e5c8840340, 0x000001e5c8840518]
Event: 584.907 Thread 0x000001e5ded49800 3164       2       java.util.regex.Pattern::inRange (16 bytes)
Event: 584.907 Thread 0x000001e5ded49800 nmethod 3164 0x000001e5c8840610 code [0x000001e5c88407a0, 0x000001e5c8840898]

GC Heap History (6 events):
Event: 4.283 GC heap before
{Heap before GC invocations=0 (full 0):
 garbage-first heap   total 129024K, used 25600K [0x0000000083a00000, 0x0000000100000000)
  region size 1024K, 24 young (24576K), 0 survivors (0K)
 Metaspace       used 13994K, capacity 14285K, committed 14336K, reserved 1062912K
  class space    used 1399K, capacity 1491K, committed 1536K, reserved 1048576K
}
Event: 4.292 GC heap after
{Heap after GC invocations=1 (full 0):
 garbage-first heap   total 129024K, used 5734K [0x0000000083a00000, 0x0000000100000000)
  region size 1024K, 3 young (3072K), 3 survivors (3072K)
 Metaspace       used 13994K, capacity 14285K, committed 14336K, reserved 1062912K
  class space    used 1399K, capacity 1491K, committed 1536K, reserved 1048576K
}
Event: 5.834 GC heap before
{Heap before GC invocations=1 (full 0):
 garbage-first heap   total 129024K, used 41574K [0x0000000083a00000, 0x0000000100000000)
  region size 1024K, 39 young (39936K), 3 survivors (3072K)
 Metaspace       used 20754K, capacity 21122K, committed 21248K, reserved 1069056K
  class space    used 2139K, capacity 2298K, committed 2304K, reserved 1048576K
}
Event: 5.845 GC heap after
{Heap after GC invocations=2 (full 0):
 garbage-first heap   total 129024K, used 10274K [0x0000000083a00000, 0x0000000100000000)
  region size 1024K, 8 young (8192K), 8 survivors (8192K)
 Metaspace       used 20754K, capacity 21122K, committed 21248K, reserved 1069056K
  class space    used 2139K, capacity 2298K, committed 2304K, reserved 1048576K
}
Event: 212.740 GC heap before
{Heap before GC invocations=3 (full 0):
 garbage-first heap   total 129024K, used 46114K [0x0000000083a00000, 0x0000000100000000)
  region size 1024K, 43 young (44032K), 8 survivors (8192K)
 Metaspace       used 26325K, capacity 26970K, committed 27264K, reserved 1073152K
  class space    used 2856K, capacity 3126K, committed 3200K, reserved 1048576K
}
Event: 213.239 GC heap after
{Heap after GC invocations=4 (full 0):
 garbage-first heap   total 129024K, used 12017K [0x0000000083a00000, 0x0000000100000000)
  region size 1024K, 2 young (2048K), 2 survivors (2048K)
 Metaspace       used 26325K, capacity 26970K, committed 27264K, reserved 1073152K
  class space    used 2856K, capacity 3126K, committed 3200K, reserved 1048576K
}

Deoptimization events (10 events):
Event: 30.601 Thread 0x000001e5bf773800 Uncommon trap: reason=unstable_if action=reinterpret pc=0x000001e5cf7602f4 method=java.util.HashMap$HashIterator.<init>(Ljava/util/HashMap;)V @ 45 c2
Event: 30.993 Thread 0x000001e5df663800 Uncommon trap: reason=unstable_if action=reinterpret pc=0x000001e5cf76aa04 method=java.io.BufferedReader.readLine(Z)Ljava/lang/String; @ 22 c2
Event: 81.479 Thread 0x000001e5bf773800 Uncommon trap: reason=profile_predicate action=maybe_recompile pc=0x000001e5cf7dd338 method=java.util.Properties.load0(Ljava/util/Properties$LineReader;)V @ 14 c2
Event: 140.565 Thread 0x000001e5bf773800 Uncommon trap: reason=intrinsic_or_type_checked_inlining action=make_not_entrant pc=0x000001e5cf7e2f74 method=java.util.Arrays.copyOf([Ljava/lang/Object;ILjava/lang/Class;)[Ljava/lang/Object; @ 35 c2
Event: 140.633 Thread 0x000001e5bf773800 Uncommon trap: reason=profile_predicate action=maybe_recompile pc=0x000001e5cf7dd338 method=java.util.Properties.load0(Ljava/util/Properties$LineReader;)V @ 14 c2
Event: 213.474 Thread 0x000001e5bf773800 Uncommon trap: reason=profile_predicate action=maybe_recompile pc=0x000001e5cf7dd338 method=java.util.Properties.load0(Ljava/util/Properties$LineReader;)V @ 14 c2
Event: 213.477 Thread 0x000001e5bf773800 Uncommon trap: reason=intrinsic_or_type_checked_inlining action=make_not_entrant pc=0x000001e5cf7ee724 method=java.util.ArrayList.toArray([Ljava/lang/Object;)[Ljava/lang/Object; @ 36 c2
Event: 408.878 Thread 0x000001e5bf773800 Uncommon trap: reason=profile_predicate action=maybe_recompile pc=0x000001e5cf7dd338 method=java.util.Properties.load0(Ljava/util/Properties$LineReader;)V @ 14 c2
Event: 579.110 Thread 0x000001e5bf773800 Uncommon trap: reason=unstable_if action=reinterpret pc=0x000001e5cf78cba8 method=java.util.concurrent.ConcurrentHashMap.putVal(Ljava/lang/Object;Ljava/lang/Object;Z)Ljava/lang/Object; @ 231 c2
Event: 579.324 Thread 0x000001e5bf773800 Uncommon trap: reason=unstable_if action=reinterpret pc=0x000001e5cf7f4c9c method=java.lang.String.codePointAt(I)I @ 4 c2

Classes redefined (0 events):
No events

Internal exceptions (10 events):
Event: 533.138 Thread 0x000001e5dfd34800 Exception <a 'java/net/SocketTimeoutException'{0x000000008ad2a0b8}: connect timed out> (0x000000008ad2a0b8) thrown at [./open/src/hotspot/share/prims/jni.cpp, line 632]
Event: 537.888 Thread 0x000001e5bf773800 Exception <a 'java/net/SocketTimeoutException'{0x000000008a87bbf0}: Read timed out> (0x000000008a87bbf0) thrown at [./open/src/hotspot/share/prims/jni.cpp, line 632]
Event: 537.917 Thread 0x000001e5bf773800 Exception <a 'java/net/SocketTimeoutException'{0x000000008a88c350}: Read timed out> (0x000000008a88c350) thrown at [./open/src/hotspot/share/prims/jni.cpp, line 632]
Event: 538.429 Thread 0x000001e5bf773800 Exception <a 'java/net/SocketTimeoutException'{0x000000008a8968f8}: Read timed out> (0x000000008a8968f8) thrown at [./open/src/hotspot/share/prims/jni.cpp, line 632]
Event: 538.614 Thread 0x000001e5bf773800 Exception <a 'java/net/SocketTimeoutException'{0x000000008a8aaf30}: Read timed out> (0x000000008a8aaf30) thrown at [./open/src/hotspot/share/prims/jni.cpp, line 632]
Event: 552.943 Thread 0x000001e5bf773800 Exception <a 'java/net/SocketTimeoutException'{0x000000008a8bad40}: Read timed out> (0x000000008a8bad40) thrown at [./open/src/hotspot/share/prims/jni.cpp, line 632]
Event: 567.845 Thread 0x000001e5bf773800 Exception <a 'java/net/SocketTimeoutException'{0x000000008a8ce630}: Read timed out> (0x000000008a8ce630) thrown at [./open/src/hotspot/share/prims/jni.cpp, line 632]
Event: 572.707 Thread 0x000001e5bf773800 Exception <a 'java/net/SocketTimeoutException'{0x000000008a8fdef0}: Read timed out> (0x000000008a8fdef0) thrown at [./open/src/hotspot/share/prims/jni.cpp, line 632]
Event: 577.508 Thread 0x000001e5bf773800 Exception <a 'java/net/SocketTimeoutException'{0x000000008a72d5f8}: Read timed out> (0x000000008a72d5f8) thrown at [./open/src/hotspot/share/prims/jni.cpp, line 632]
Event: 580.770 Thread 0x000001e5bf773800 Exception <a 'java/lang/NoSuchMethodError'{0x000000008a6132e0}: java.lang.invoke.DirectMethodHandle$Holder.invokeInterface(Ljava/lang/Object;Ljava/lang/Object;)I> (0x000000008a6132e0) thrown at [./open/src/hotspot/share/interpreter/linkResolver.cpp, line 

Events (10 events):
Event: 584.555 loading class org/testng/reporters/jq/NavigatorPanel$BaseResultProvider
Event: 584.555 loading class org/testng/reporters/jq/NavigatorPanel$BaseResultProvider done
Event: 584.556 loading class org/testng/ITestResult
Event: 584.556 loading class org/testng/ITestResult done
Event: 584.556 loading class org/testng/ITestResult
Event: 584.556 loading class org/testng/ITestResult done
Event: 584.559 loading class org/testng/ITestResult
Event: 584.559 loading class org/testng/ITestResult done
Event: 584.559 loading class org/testng/ITestResult
Event: 584.559 loading class org/testng/ITestResult done


Dynamic libraries:
0x00007ff76a2b0000 - 0x00007ff76a2bf000 	C:\Program Files\Java\jdk-11.0.12\bin\javaw.exe
0x00007ffba9a10000 - 0x00007ffba9c27000 	C:\WINDOWS\SYSTEM32\ntdll.dll
0x00007ffba8120000 - 0x00007ffba81e4000 	C:\WINDOWS\System32\KERNEL32.DLL
0x00007ffba7060000 - 0x00007ffba7406000 	C:\WINDOWS\System32\KERNELBASE.dll
0x00007ffba7410000 - 0x00007ffba7521000 	C:\WINDOWS\System32\ucrtbase.dll
0x00007ffb967c0000 - 0x00007ffb967d8000 	C:\Program Files\Java\jdk-11.0.12\bin\jli.dll
0x00007ffb94db0000 - 0x00007ffb94dc5000 	C:\Program Files\Java\jdk-11.0.12\bin\VCRUNTIME140.dll
0x00007ffba91f0000 - 0x00007ffba92a0000 	C:\WINDOWS\System32\ADVAPI32.dll
0x00007ffba8dd0000 - 0x00007ffba8e77000 	C:\WINDOWS\System32\msvcrt.dll
0x00007ffba87e0000 - 0x00007ffba8886000 	C:\WINDOWS\System32\sechost.dll
0x00007ffba86c0000 - 0x00007ffba87d7000 	C:\WINDOWS\System32\RPCRT4.dll
0x00007ffba8ea0000 - 0x00007ffba904d000 	C:\WINDOWS\System32\USER32.dll
0x00007ffba7530000 - 0x00007ffba7556000 	C:\WINDOWS\System32\win32u.dll
0x00007ffba8660000 - 0x00007ffba8689000 	C:\WINDOWS\System32\GDI32.dll
0x00007ffba6e10000 - 0x00007ffba6f28000 	C:\WINDOWS\System32\gdi32full.dll
0x00007ffba76d0000 - 0x00007ffba776a000 	C:\WINDOWS\System32\msvcp_win.dll
0x00007ffb8a5e0000 - 0x00007ffb8a873000 	C:\WINDOWS\WinSxS\amd64_microsoft.windows.common-controls_6595b64144ccf1df_6.0.22621.2361_none_2712ced57382f843\COMCTL32.dll
0x00007ffb9e9f0000 - 0x00007ffb9e9fa000 	C:\WINDOWS\SYSTEM32\VERSION.dll
0x00007ffba8d90000 - 0x00007ffba8dc1000 	C:\WINDOWS\System32\IMM32.DLL
0x00007ffb94270000 - 0x00007ffb9430b000 	C:\Program Files\Java\jdk-11.0.12\bin\msvcp140.dll
0x00007ffb3bd20000 - 0x00007ffb3c81f000 	C:\Program Files\Java\jdk-11.0.12\bin\server\jvm.dll
0x00007ffba8e90000 - 0x00007ffba8e98000 	C:\WINDOWS\System32\PSAPI.DLL
0x00007ffba47e0000 - 0x00007ffba4814000 	C:\WINDOWS\SYSTEM32\WINMM.dll
0x00007ffb8f440000 - 0x00007ffb8f449000 	C:\WINDOWS\SYSTEM32\WSOCK32.dll
0x00007ffba83e0000 - 0x00007ffba8451000 	C:\WINDOWS\System32\WS2_32.dll
0x00007ffba5e60000 - 0x00007ffba5e78000 	C:\WINDOWS\SYSTEM32\kernel.appcore.dll
0x00007ffb9f9b0000 - 0x00007ffb9f9c0000 	C:\Program Files\Java\jdk-11.0.12\bin\verify.dll
0x00007ffba45b0000 - 0x00007ffba47de000 	C:\WINDOWS\SYSTEM32\DBGHELP.DLL
0x00007ffba9310000 - 0x00007ffba969a000 	C:\WINDOWS\System32\combase.dll
0x00007ffba96b0000 - 0x00007ffba9787000 	C:\WINDOWS\System32\OLEAUT32.dll
0x00007ffba4570000 - 0x00007ffba45a2000 	C:\WINDOWS\SYSTEM32\dbgcore.DLL
0x00007ffba6d90000 - 0x00007ffba6e0a000 	C:\WINDOWS\System32\bcryptPrimitives.dll
0x00007ffb94d80000 - 0x00007ffb94da8000 	C:\Program Files\Java\jdk-11.0.12\bin\java.dll
0x00007ffb96760000 - 0x00007ffb9676a000 	C:\Program Files\Java\jdk-11.0.12\bin\jimage.dll
0x00007ffb946d0000 - 0x00007ffb946e6000 	C:\Program Files\Java\jdk-11.0.12\bin\zip.dll
0x00007ffba7770000 - 0x00007ffba7fc8000 	C:\WINDOWS\System32\SHELL32.dll
0x00007ffba4cf0000 - 0x00007ffba55e2000 	C:\WINDOWS\SYSTEM32\windows.storage.dll
0x00007ffba4bb0000 - 0x00007ffba4cee000 	C:\WINDOWS\SYSTEM32\wintypes.dll
0x00007ffba8460000 - 0x00007ffba8553000 	C:\WINDOWS\System32\SHCORE.dll
0x00007ffba82f0000 - 0x00007ffba834e000 	C:\WINDOWS\System32\shlwapi.dll
0x00007ffba6cc0000 - 0x00007ffba6ce6000 	C:\WINDOWS\SYSTEM32\profapi.dll
0x00007ffb946b0000 - 0x00007ffb946c9000 	C:\Program Files\Java\jdk-11.0.12\bin\net.dll
0x00007ffb9ec70000 - 0x00007ffb9eda7000 	C:\WINDOWS\SYSTEM32\WINHTTP.dll
0x00007ffba6340000 - 0x00007ffba63a9000 	C:\WINDOWS\system32\mswsock.dll
0x00007ffb94690000 - 0x00007ffb946a2000 	C:\Program Files\Java\jdk-11.0.12\bin\nio.dll
0x00007ffba58c0000 - 0x00007ffba59b9000 	C:\WINDOWS\SYSTEM32\DNSAPI.dll
0x00007ffba5890000 - 0x00007ffba58bd000 	C:\WINDOWS\SYSTEM32\IPHLPAPI.DLL
0x00007ffba8e80000 - 0x00007ffba8e89000 	C:\WINDOWS\System32\NSI.dll
0x00007ffb9bfc0000 - 0x00007ffb9bfca000 	C:\Windows\System32\rasadhlp.dll
0x00007ffb9dbd0000 - 0x00007ffb9dc54000 	C:\WINDOWS\System32\fwpuclnt.dll
0x00007ffba6590000 - 0x00007ffba65ab000 	C:\WINDOWS\SYSTEM32\CRYPTSP.dll
0x00007ffba5e20000 - 0x00007ffba5e55000 	C:\WINDOWS\system32\rsaenh.dll
0x00007ffba6430000 - 0x00007ffba645c000 	C:\WINDOWS\SYSTEM32\USERENV.dll
0x00007ffba6750000 - 0x00007ffba6778000 	C:\WINDOWS\SYSTEM32\bcrypt.dll
0x00007ffba65b0000 - 0x00007ffba65bc000 	C:\WINDOWS\SYSTEM32\CRYPTBASE.dll
0x00007ffb9ebc0000 - 0x00007ffb9ebd9000 	C:\WINDOWS\SYSTEM32\dhcpcsvc6.DLL
0x00007ffb9eba0000 - 0x00007ffb9ebbf000 	C:\WINDOWS\SYSTEM32\dhcpcsvc.DLL
0x00007ffba13f0000 - 0x00007ffba13fd000 	C:\Program Files\Java\jdk-11.0.12\bin\sunmscapi.dll
0x00007ffba7560000 - 0x00007ffba76c6000 	C:\WINDOWS\System32\CRYPT32.dll
0x00007ffba6720000 - 0x00007ffba674d000 	C:\WINDOWS\SYSTEM32\ncrypt.dll
0x00007ffba66e0000 - 0x00007ffba6717000 	C:\WINDOWS\SYSTEM32\NTASN1.dll
0x00007ffb92510000 - 0x00007ffb92535000 	C:\Program Files\Java\jdk-11.0.12\bin\sunec.dll
0x00007ffb27ac0000 - 0x00007ffb27ad7000 	C:\WINDOWS\system32\napinsp.dll
0x00007ffb27aa0000 - 0x00007ffb27abb000 	C:\WINDOWS\system32\pnrpnsp.dll
0x00007ffb27ae0000 - 0x00007ffb27af1000 	C:\WINDOWS\System32\winrnr.dll
0x00007ffb81210000 - 0x00007ffb81225000 	C:\WINDOWS\system32\wshbth.dll
0x00007ffba1420000 - 0x00007ffba1441000 	C:\WINDOWS\system32\nlansp_c.dll

dbghelp: loaded successfully - version: 4.0.5 - missing functions: none
symbol engine: initialized successfully - sym options: 0x614 - pdb path: .;C:\Program Files\Java\jdk-11.0.12\bin;C:\WINDOWS\SYSTEM32;C:\WINDOWS\WinSxS\amd64_microsoft.windows.common-controls_6595b64144ccf1df_6.0.22621.2361_none_2712ced57382f843;C:\Program Files\Java\jdk-11.0.12\bin\server

VM Arguments:
jvm_args: -ea -Dfile.encoding=Cp1252 
java_command: org.testng.remote.RemoteTestNG -serport 50764 -protocol json -d C:\Users\DELL\eclipse-workspace\Youtube\test-output C:\Users\DELL\AppData\Local\Temp\testng-eclipse--1554175000\testng-customsuite.xml
java_class_path (initial): C:\Users\DELL\eclipse\jee-2021-06\eclipse\configuration\org.eclipse.osgi\938\0\.cp\lib\testng-remote.jar;C:\Users\DELL\eclipse-workspace\Youtube\target\test-classes;C:\Users\DELL\eclipse-workspace\Youtube\target\classes;C:\Users\DELL\.p2\pool\plugins\org.testng_7.4.0.r202105021533.jar;C:\Users\DELL\.p2\pool\plugins\com.beust.jcommander_1.78.0.jar;C:\Users\DELL\.p2\pool\plugins\org.apache-extras.beanshell.bsh_2.0.0.b6.jar;C:\Users\DELL\.p2\pool\plugins\org.yaml.snakeyaml_1.21.0.jar;C:\Users\DELL\.p2\pool\plugins\org.webjars.jquery_3.5.1.jar;C:\Users\DELL\.m2\repository\org\testng\testng\7.6.0\testng-7.6.0.jar;C:\Users\DELL\.m2\repository\com\google\code\findbugs\jsr305\3.0.2\jsr305-3.0.2.jar;C:\Users\DELL\.m2\repository\org\slf4j\slf4j-api\1.7.36\slf4j-api-1.7.36.jar;C:\Users\DELL\.m2\repository\com\beust\jcommander\1.82\jcommander-1.82.jar;C:\Users\DELL\.m2\repository\org\webjars\jquery\3.6.0\jquery-3.6.0.jar;C:\Users\DELL\.m2\repository\org\seleniumhq\selenium\selenium-java\3.141.5\selenium-java-3.141.5.jar;C:\Users\DELL\.m2\repository\org\seleniumhq\selenium\selenium-api\3.141.5\selenium-api-3.141.5.jar;C:\Users\DELL\.m2\repository\org\seleniumhq\selenium\selenium-chrome-driver\3.141.5\selenium-chrome-driver-3.141.5.jar;C:\Users\DELL\.m2\repository\org\seleniumhq\selenium\selenium-edge-driver\3.141.5\selenium-edge-driver-3.141.5.jar;C:\Users\DELL\.m2\repository\org\seleniumhq\selenium\selenium-firefox-driver\3.141.5\selenium-firefox-driver-3.141.5.jar;C:\Users\DELL\.m2\repository\org\seleniumhq\selenium\selenium-ie-driver\3.141.5\selenium-ie-driver-3.141.5.jar;C:\Users\DELL\.m2\repository\org\seleniumhq\selenium\selenium-opera-driver\3.141.5\selenium-opera-driver-3.141.5.jar;C:\Users\DELL\.m2\repository\org\seleniumhq\selenium\selenium-remote-driver\3.141.5\selenium-remote-driver-3.141.5.jar;C:\Users\DELL\.m2\repository\org\seleniumhq\selenium\selenium-safari-driver\3.141.5\selenium-safari-driver-3.141.5.jar;C:\Users\DELL\.m2\repositor
Launcher Type: SUN_STANDARD

[Global flags]
     intx CICompilerCount                          = 4                                         {product} {ergonomic}
     uint ConcGCThreads                            = 2                                         {product} {ergonomic}
     uint G1ConcRefinementThreads                  = 8                                         {product} {ergonomic}
   size_t G1HeapRegionSize                         = 1048576                                   {product} {ergonomic}
    uintx GCDrainStackTargetSize                   = 64                                        {product} {ergonomic}
   size_t InitialHeapSize                          = 132120576                                 {product} {ergonomic}
   size_t MarkStackSize                            = 4194304                                   {product} {ergonomic}
   size_t MaxHeapSize                              = 2086666240                                {product} {ergonomic}
   size_t MaxNewSize                               = 1251999744                                {product} {ergonomic}
   size_t MinHeapDeltaBytes                        = 1048576                                   {product} {ergonomic}
    uintx NonNMethodCodeHeapSize                   = 5836300                                {pd product} {ergonomic}
    uintx NonProfiledCodeHeapSize                  = 122910970                              {pd product} {ergonomic}
    uintx ProfiledCodeHeapSize                     = 122910970                              {pd product} {ergonomic}
    uintx ReservedCodeCacheSize                    = 251658240                              {pd product} {ergonomic}
     bool SegmentedCodeCache                       = true                                      {product} {ergonomic}
     bool UseCompressedClassPointers               = true                                 {lp64_product} {ergonomic}
     bool UseCompressedOops                        = true                                 {lp64_product} {ergonomic}
     bool UseG1GC                                  = true                                      {product} {ergonomic}
     bool UseLargePagesIndividualAllocation        = false                                  {pd product} {ergonomic}

Logging:
Log output configuration:
 #0: stdout all=warning uptime,level,tags
 #1: stderr all=off uptime,level,tags

Environment Variables:
JAVA_HOME=C:\Program Files\Java\jdk-11.0.12
PATH=C:\WINDOWS\system32;C:\WINDOWS;C:\WINDOWS\System32\Wbem;C:\WINDOWS\System32\WindowsPowerShell\v1.0\;C:\WINDOWS\System32\OpenSSH\;C:\Program Files\Java\jdk-10;&JAVA_HOME%\bin;E:\Software\software\apache-maven-3.8.2-bin\apache-maven-3.8.2;C:\Program Files\Git\cmd;C:\Program Files\dotnet\;C:\Program Files\nodejs\;C:\Program Files\commandlinetools-win-9477386_latest\platform-tools;C:\Program Files\apache-maven-3.9.2;C:\Program Files\gradle-8.2.1\bin;C:\Program Files\apache-maven-3.9.2\bin;C:\Program Files\apache-maven-3.9.2\bin;C:\Program Files\Common Files\Oracle\Java\javapath;C:\Users\DELL\AppData\Local\Microsoft\WindowsApps;C:\Users\DELL\AppData\Roaming\npm;
USERNAME=DELL
OS=Windows_NT
PROCESSOR_IDENTIFIER=Intel64 Family 6 Model 126 Stepping 5, GenuineIntel



---------------  S Y S T E M  ---------------

OS: Windows 10 , 64 bit Build 22621 (10.0.22621.2428)

CPU:total 8 (initial active 8) (4 cores per cpu, 2 threads per core) family 6 model 126 stepping 5 microcode 0xbc, cmov, cx8, fxsr, mmx, sse, sse2, sse3, ssse3, sse4.1, sse4.2, popcnt, avx, avx2, aes, clmul, erms, 3dnowpref, lzcnt, ht, tsc, tscinvbit, bmi1, bmi2, adx, evex, sha, fma

Memory: 4k page, system-wide physical 7959M (65M free)
TotalPageFile size 27959M (AvailPageFile size 0M)
current process WorkingSet (physical memory assigned to process): 58M, peak: 134M
current process commit charge ("private bytes"): 252M, peak: 254M

vm_info: Java HotSpot(TM) 64-Bit Server VM (11.0.12+8-LTS-237) for windows-amd64 JRE (11.0.12+8-LTS-237), built on Jun  8 2021 11:25:59 by "mach5one" with MS VC++ 15.9 (VS2017)

END.
